<?xml version="1.0" encoding="UTF-8"?>
<!-- Generated by org.testng.reporters.JUnitReportReporter -->
<testsuite hostname="DESKTOP-BT9B872" failures="0" tests="4" name="testNGFramework.TestNGTestDefaultExecutionOrder" time="0.038" errors="0" timestamp="2021-12-06T19:27:55 IST" skipped="0">
  <testcase classname="testNGFramework.TestNGTestDefaultExecutionOrder" name="loginTest" time="0.010"/>
  <system-out/>
  <testcase classname="testNGFramework.TestNGTestDefaultExecutionOrder" name="updateAccoutTest" time="0.010"/>
  <system-out/>
  <testcase classname="testNGFramework.TestNGTestDefaultExecutionOrder" name="createAccoutTest" time="0.005"/>
  <system-out/>
  <testcase classname="testNGFramework.TestNGTestDefaultExecutionOrder" name="logoutTest" time="0.013"/>
  <system-out/>
</testsuite> <!-- testNGFramework.TestNGTestDefaultExecutionOrder -->
