<?xml version="1.0" encoding="UTF-8"?>
<!-- Generated by org.testng.reporters.JUnitReportReporter -->
<testsuite hostname="DESKTOP-BT9B872" failures="0" tests="1" name="testNGFramework.ParameterTestINTestNG" time="0.115" errors="0" timestamp="2021-12-17T20:23:43 IST" skipped="0">
  <testcase classname="testNGFramework.ParameterTestINTestNG" name="loginTest" time="0.115"/>
  <system-out/>
</testsuite> <!-- testNGFramework.ParameterTestINTestNG -->
