<?xml version="1.0" encoding="UTF-8"?>
<!-- Generated by org.testng.reporters.JUnitReportReporter -->
<testsuite hostname="DESKTOP-BT9B872" failures="0" tests="4" name="testNGFramework.PriotiseTestInTestNG" time="0.187" errors="0" timestamp="2021-12-06T19:27:55 IST" skipped="0">
  <testcase classname="testNGFramework.PriotiseTestInTestNG" name="loginTest" time="0.142"/>
  <system-out/>
  <testcase classname="testNGFramework.PriotiseTestInTestNG" name="createAccoutTest" time="0.017"/>
  <system-out/>
  <testcase classname="testNGFramework.PriotiseTestInTestNG" name="updateAccoutTest" time="0.020"/>
  <system-out/>
  <testcase classname="testNGFramework.PriotiseTestInTestNG" name="logoutTest" time="0.008"/>
  <system-out/>
</testsuite> <!-- testNGFramework.PriotiseTestInTestNG -->
