<?xml version="1.0" encoding="UTF-8"?>
<!-- Generated by org.testng.reporters.JUnitReportReporter -->
<testsuite hostname="DESKTOP-BT9B872" failures="0" tests="4" name="testNGFramework.GroupsInTestNGTest" time="0.296" errors="0" timestamp="2021-12-05T20:31:38 IST" skipped="0">
  <testcase classname="testNGFramework.GroupsInTestNGTest" name="abcd" time="0.221"/>
  <system-out/>
  <testcase classname="testNGFramework.GroupsInTestNGTest" name="createAaccout" time="0.044"/>
  <system-out/>
  <testcase classname="testNGFramework.GroupsInTestNGTest" name="loginTest" time="0.022"/>
  <system-out/>
  <testcase classname="testNGFramework.GroupsInTestNGTest" name="register" time="0.009"/>
  <system-out/>
</testsuite> <!-- testNGFramework.GroupsInTestNGTest -->
