<?xml version="1.0" encoding="UTF-8"?>
<!-- Generated by org.testng.reporters.JUnitReportReporter -->
<testsuite hostname="DESKTOP-BT9B872" failures="0" tests="6" name="testNGFramework.DDTestINTestNG" time="0.424" errors="0" timestamp="2021-12-06T20:11:27 IST" skipped="0">
  <testcase classname="testNGFramework.DDTestINTestNG" name="getData" time="0.019"/>
  <system-out/>
  <testcase classname="testNGFramework.DDTestINTestNG" name="getData" time="0.023"/>
  <system-out/>
  <testcase classname="testNGFramework.DDTestINTestNG" name="createTest" time="0.154"/>
  <system-out/>
  <testcase classname="testNGFramework.DDTestINTestNG" name="createTest" time="0.015"/>
  <system-out/>
  <testcase classname="testNGFramework.DDTestINTestNG" name="getData" time="0.030"/>
  <system-out/>
  <testcase classname="testNGFramework.DDTestINTestNG" name="createTest" time="0.183"/>
  <system-out/>
</testsuite> <!-- testNGFramework.DDTestINTestNG -->
