<?xml version="1.0" encoding="UTF-8"?>
<!-- Generated by org.testng.reporters.JUnitReportReporter -->
<testsuite hostname="DESKTOP-BT9B872" failures="0" tests="2" name="testNGFramework.TestNgAnnotations" time="0.204" errors="0" timestamp="2021-12-06T19:27:55 IST" skipped="0">
  <testcase classname="testNGFramework.TestNgAnnotations" name="test1" time="0.010"/>
  <system-out/>
  <testcase classname="testNGFramework.TestNgAnnotations" name="test2" time="0.194"/>
  <system-out/>
</testsuite> <!-- testNGFramework.TestNgAnnotations -->
