<?xml version="1.0" encoding="UTF-8"?>
<!-- Generated by org.testng.reporters.JUnitReportReporter -->
<testsuite hostname="DESKTOP-BT9B872" failures="0" tests="3" name="testNGFramework.DependsOnTestInTestNG" time="0.340" errors="0" timestamp="2021-12-06T19:27:55 IST" skipped="0">
  <testcase classname="testNGFramework.DependsOnTestInTestNG" name="loginTest" time="0.315"/>
  <system-out/>
  <testcase classname="testNGFramework.DependsOnTestInTestNG" name="logoutTest" time="0.016"/>
  <system-out/>
  <testcase classname="testNGFramework.DependsOnTestInTestNG" name="createAccoutTest" time="0.009"/>
  <system-out/>
</testsuite> <!-- testNGFramework.DependsOnTestInTestNG -->
