<?xml version="1.0" encoding="UTF-8"?>
<!-- Generated by org.testng.reporters.JUnitReportReporter -->
<testsuite hostname="DESKTOP-BT9B872" failures="0" tests="1" name="testNGFramework.DemoTest" time="0.029" errors="0" timestamp="2021-12-06T19:27:55 IST" skipped="0">
  <testcase classname="testNGFramework.DemoTest" name="test" time="0.029"/>
  <system-out/>
</testsuite> <!-- testNGFramework.DemoTest -->
